<?xml version="1.0" encoding="UTF-8"?>
<testng-results skipped="0" failed="0" total="2" passed="2">
  <reporter-output>
  </reporter-output>
  <suite name="Default suite" duration-ms="39647" started-at="2018-07-11T11:26:33Z" finished-at="2018-07-11T11:27:13Z">
    <groups>
      <group name="cucumber">
        <method signature="AbstractTestNGCucumberTests.feature(cucumber.api.testng.CucumberFeatureWrapper)[pri:0, instance:selenium.RunTest@7cd62f43]" name="feature" class="cucumber.api.testng.AbstractTestNGCucumberTests"/>
      </group> <!-- cucumber -->
    </groups>
    <test name="Default test" duration-ms="39647" started-at="2018-07-11T11:26:33Z" finished-at="2018-07-11T11:27:13Z">
      <class name="selenium.RunTest">
        <test-method status="PASS" signature="setUpClass()[pri:0, instance:selenium.RunTest@7cd62f43]" name="setUpClass" is-config="true" duration-ms="237" started-at="2018-07-11T16:56:33Z" finished-at="2018-07-11T16:56:33Z">
          <reporter-output>
          </reporter-output>
        </test-method> <!-- setUpClass -->
        <test-method status="PASS" signature="feature(cucumber.api.testng.CucumberFeatureWrapper)[pri:0, instance:selenium.RunTest@7cd62f43]" name="feature" duration-ms="24984" started-at="2018-07-11T16:56:33Z" description="Runs Cucumber Feature" data-provider="features" finished-at="2018-07-11T16:56:58Z">
          <params>
            <param index="0">
              <value>
                <![CDATA[Testing login with correct and incorrect credentials]]>
              </value>
            </param>
          </params>
          <reporter-output>
          </reporter-output>
        </test-method> <!-- feature -->
        <test-method status="PASS" signature="feature(cucumber.api.testng.CucumberFeatureWrapper)[pri:0, instance:selenium.RunTest@7cd62f43]" name="feature" duration-ms="14328" started-at="2018-07-11T16:56:58Z" description="Runs Cucumber Feature" data-provider="features" finished-at="2018-07-11T16:57:13Z">
          <params>
            <param index="0">
              <value>
                <![CDATA[Testing Login page display And Logout functionality]]>
              </value>
            </param>
          </params>
          <reporter-output>
          </reporter-output>
        </test-method> <!-- feature -->
        <test-method status="PASS" signature="tearDownClass()[pri:0, instance:selenium.RunTest@7cd62f43]" name="tearDownClass" is-config="true" duration-ms="16" started-at="2018-07-11T16:57:13Z" finished-at="2018-07-11T16:57:13Z">
          <reporter-output>
          </reporter-output>
        </test-method> <!-- tearDownClass -->
      </class> <!-- selenium.RunTest -->
    </test> <!-- Default test -->
  </suite> <!-- Default suite -->
</testng-results>
